g:\dx11starter\x64\debug\shaders\defferedshaders\instancedvshader.cso
g:\dx11starter\x64\debug\shaders\defferedshaders\pixeldshader.cso
g:\dx11starter\x64\debug\shaders\defferedshaders\plightingshader.cso
g:\dx11starter\x64\debug\shaders\defferedshaders\vertexdshader.cso
g:\dx11starter\x64\debug\shaders\fowardshaders\instancefvshader.cso
g:\dx11starter\x64\debug\shaders\fowardshaders\pixelfshader.cso
g:\dx11starter\x64\debug\shaders\fowardshaders\vertexfshader.cso
g:\dx11starter\x64\debug\shaders\postprocessshaders\bloompshader.cso
g:\dx11starter\x64\debug\shaders\postprocessshaders\hdrpshader.cso
g:\dx11starter\x64\debug\shaders\postprocessshaders\quadvshader.cso
g:\dx11starter\x64\debug\shaders\skyboxshaders\skypshader.cso
g:\dx11starter\x64\debug\shaders\skyboxshaders\skyvshader.cso
g:\dx11starter\dx11starter\x64\debug\vc140.pdb
g:\dx11starter\dx11starter\x64\debug\vc140.idb
g:\dx11starter\dx11starter\x64\debug\camera.obj
g:\dx11starter\dx11starter\x64\debug\dxcore.obj
g:\dx11starter\dx11starter\x64\debug\game.obj
g:\dx11starter\dx11starter\x64\debug\gameentity.obj
g:\dx11starter\dx11starter\x64\debug\main.obj
g:\dx11starter\dx11starter\x64\debug\material.obj
g:\dx11starter\dx11starter\x64\debug\mesh.obj
g:\dx11starter\dx11starter\x64\debug\renderer.obj
g:\dx11starter\dx11starter\x64\debug\simpleshader.obj
g:\dx11starter\x64\debug\dx11starter.ilk
g:\dx11starter\x64\debug\dx11starter.exe
g:\dx11starter\x64\debug\dx11starter.pdb
g:\dx11starter\dx11starter\x64\debug\dx11starter.tlog\dx11starter.write.1u.tlog
g:\dx11starter\dx11starter\x64\debug\dx11starter.tlog\fxc.read.1.tlog
g:\dx11starter\dx11starter\x64\debug\dx11starter.tlog\fxc.write.1.tlog
g:\dx11starter\dx11starter\x64\debug\dx11starter.tlog\fxc.command.1.tlog
g:\dx11starter\dx11starter\x64\debug\dx11starter.tlog\cl.read.1.tlog
g:\dx11starter\dx11starter\x64\debug\dx11starter.tlog\cl.write.1.tlog
g:\dx11starter\dx11starter\x64\debug\dx11starter.tlog\cl.command.1.tlog
g:\dx11starter\dx11starter\x64\debug\dx11starter.tlog\link.command.1.tlog
g:\dx11starter\dx11starter\x64\debug\dx11starter.tlog\link.read.1.tlog
g:\dx11starter\dx11starter\x64\debug\dx11starter.tlog\link.write.1.tlog
