g:\dx11starter\dx11starter\debug\vc140.pdb
g:\dx11starter\dx11starter\debug\vc140.idb
g:\dx11starter\dx11starter\debug\animation.obj
g:\dx11starter\dx11starter\debug\assetmanager.obj
g:\dx11starter\dx11starter\debug\camera.obj
g:\dx11starter\dx11starter\debug\cosmicengine.obj
g:\dx11starter\dx11starter\debug\cosmicphysic.obj
g:\dx11starter\dx11starter\debug\defaultscene.obj
g:\dx11starter\dx11starter\debug\dxcore.obj
g:\dx11starter\dx11starter\debug\gameentity.obj
g:\dx11starter\dx11starter\debug\main.obj
g:\dx11starter\dx11starter\debug\mesh.obj
g:\dx11starter\dx11starter\debug\renderer.obj
g:\dx11starter\dx11starter\debug\scene.obj
g:\dx11starter\dx11starter\debug\scene2.obj
g:\dx11starter\dx11starter\debug\simpleshader.obj
g:\dx11starter\debug\instancedvshader.cso
g:\dx11starter\debug\pixeldshader.cso
g:\dx11starter\debug\plightingshader.cso
g:\dx11starter\debug\vertexdshader.cso
g:\dx11starter\debug\instancefvshader.cso
g:\dx11starter\debug\pixelfshader.cso
g:\dx11starter\debug\pixelfsnshader.cso
g:\dx11starter\debug\pixelfsshader.cso
g:\dx11starter\debug\vertexfshader.cso
g:\dx11starter\debug\bloompshader.cso
g:\dx11starter\debug\hdrpshader.cso
g:\dx11starter\debug\quadvshader.cso
g:\dx11starter\debug\skypshader.cso
g:\dx11starter\debug\skyvshader.cso
g:\dx11starter\debug\dx11starter.ilk
g:\dx11starter\debug\dx11starter.exe
g:\dx11starter\debug\dx11starter.pdb
c:\users\mike4ruls\documents\cosmicengine\dx11starter\dx11starter\debug\animation.obj
c:\users\mike4ruls\documents\cosmicengine\dx11starter\dx11starter\debug\assetmanager.obj
c:\users\mike4ruls\documents\cosmicengine\dx11starter\dx11starter\debug\camera.obj
c:\users\mike4ruls\documents\cosmicengine\dx11starter\dx11starter\debug\cosmicengine.obj
c:\users\mike4ruls\documents\cosmicengine\dx11starter\dx11starter\debug\cosmicphysic.obj
c:\users\mike4ruls\documents\cosmicengine\dx11starter\dx11starter\debug\defaultscene.obj
c:\users\mike4ruls\documents\cosmicengine\dx11starter\dx11starter\debug\dxcore.obj
c:\users\mike4ruls\documents\cosmicengine\dx11starter\dx11starter\debug\gameentity.obj
c:\users\mike4ruls\documents\cosmicengine\dx11starter\dx11starter\debug\main.obj
c:\users\mike4ruls\documents\cosmicengine\dx11starter\dx11starter\debug\mesh.obj
c:\users\mike4ruls\documents\cosmicengine\dx11starter\dx11starter\debug\renderer.obj
c:\users\mike4ruls\documents\cosmicengine\dx11starter\dx11starter\debug\scene.obj
c:\users\mike4ruls\documents\cosmicengine\dx11starter\dx11starter\debug\scene2.obj
c:\users\mike4ruls\documents\cosmicengine\dx11starter\dx11starter\debug\simpleshader.obj
c:\users\mike4ruls\documents\cosmicengine\dx11starter\dx11starter\debug\vc140.idb
c:\users\mike4ruls\documents\cosmicengine\dx11starter\dx11starter\debug\vc140.pdb
c:\users\mike4ruls\documents\cosmicengine\dx11starter\debug\dx11starter.pdb
c:\users\mike4ruls\documents\cosmicengine\dx11starter\debug\dx11starter.exe
c:\users\mike4ruls\documents\cosmicengine\dx11starter\debug\dx11starter.ilk
c:\users\mike4ruls\documents\cosmicengine\dx11starter\dx11starter\debug\dx11starter.tlog\cl.command.1.tlog
c:\users\mike4ruls\documents\cosmicengine\dx11starter\dx11starter\debug\dx11starter.tlog\cl.read.1.tlog
c:\users\mike4ruls\documents\cosmicengine\dx11starter\dx11starter\debug\dx11starter.tlog\cl.write.1.tlog
c:\users\mike4ruls\documents\cosmicengine\dx11starter\dx11starter\debug\dx11starter.tlog\dx11starter.write.1u.tlog
c:\users\mike4ruls\documents\cosmicengine\dx11starter\dx11starter\debug\dx11starter.tlog\fxc.command.1.tlog
c:\users\mike4ruls\documents\cosmicengine\dx11starter\dx11starter\debug\dx11starter.tlog\fxc.read.1.tlog
c:\users\mike4ruls\documents\cosmicengine\dx11starter\dx11starter\debug\dx11starter.tlog\fxc.write.1.tlog
c:\users\mike4ruls\documents\cosmicengine\dx11starter\dx11starter\debug\dx11starter.tlog\link.command.1.tlog
c:\users\mike4ruls\documents\cosmicengine\dx11starter\dx11starter\debug\dx11starter.tlog\link.read.1.tlog
c:\users\mike4ruls\documents\cosmicengine\dx11starter\dx11starter\debug\dx11starter.tlog\link.write.1.tlog
